2023-02-27 21:53:15.998  INFO 15632 --- [main] c.e.E.EmailServiceApplicationTests       : Starting EmailServiceApplicationTests using Java 19.0.2 on Krespo with PID 15632 (started by Krystian in C:\Users\Krystian\Desktop\EmailService)
2023-02-27 21:53:15.999 DEBUG 15632 --- [main] c.e.E.EmailServiceApplicationTests       : Running with Spring Boot v2.6.3, Spring v5.3.15
2023-02-27 21:53:15.999  INFO 15632 --- [main] c.e.E.EmailServiceApplicationTests       : No active profile set, falling back to default profiles: default
2023-02-27 21:53:16.493  INFO 15632 --- [main] .s.d.r.c.RepositoryConfigurationDelegate : Bootstrapping Spring Data JPA repositories in DEFAULT mode.
2023-02-27 21:53:16.541  INFO 15632 --- [main] .s.d.r.c.RepositoryConfigurationDelegate : Finished Spring Data repository scanning in 41 ms. Found 1 JPA repository interfaces.
2023-02-27 21:53:17.355  INFO 15632 --- [main] com.zaxxer.hikari.HikariDataSource       : HikariPool-1 - Starting...
2023-02-27 21:53:17.546  INFO 15632 --- [main] com.zaxxer.hikari.HikariDataSource       : HikariPool-1 - Start completed.
2023-02-27 21:53:17.616  INFO 15632 --- [main] o.hibernate.jpa.internal.util.LogHelper  : HHH000204: Processing PersistenceUnitInfo [name: default]
2023-02-27 21:53:17.662  INFO 15632 --- [main] org.hibernate.Version                    : HHH000412: Hibernate ORM core version 5.6.4.Final
2023-02-27 21:53:17.837  INFO 15632 --- [main] o.hibernate.annotations.common.Version   : HCANN000001: Hibernate Commons Annotations {5.1.2.Final}
2023-02-27 21:53:18.044  INFO 15632 --- [main] org.hibernate.dialect.Dialect            : HHH000400: Using dialect: org.hibernate.dialect.MySQL5Dialect
2023-02-27 21:53:18.548  INFO 15632 --- [main] o.h.e.t.j.p.i.JtaPlatformInitiator       : HHH000490: Using JtaPlatform implementation: [org.hibernate.engine.transaction.jta.platform.internal.NoJtaPlatform]
2023-02-27 21:53:18.559  INFO 15632 --- [main] j.LocalContainerEntityManagerFactoryBean : Initialized JPA EntityManagerFactory for persistence unit 'default'
2023-02-27 21:53:19.864  INFO 15632 --- [main] c.e.E.EmailServiceApplicationTests       : Started EmailServiceApplicationTests in 4.222 seconds (JVM running for 5.26)
2023-02-27 21:53:19.998  INFO 15632 --- [SpringApplicationShutdownHook] j.LocalContainerEntityManagerFactoryBean : Closing JPA EntityManagerFactory for persistence unit 'default'
2023-02-27 21:53:20.001  INFO 15632 --- [SpringApplicationShutdownHook] com.zaxxer.hikari.HikariDataSource       : HikariPool-1 - Shutdown initiated...
2023-02-27 21:53:20.011  INFO 15632 --- [SpringApplicationShutdownHook] com.zaxxer.hikari.HikariDataSource       : HikariPool-1 - Shutdown completed.
2023-02-27 21:57:37.408  INFO 4384 --- [main] c.e.E.EmailServiceApplicationTests       : Starting EmailServiceApplicationTests using Java 19.0.2 on Krespo with PID 4384 (started by Krystian in C:\Users\Krystian\Desktop\EmailService)
2023-02-27 21:57:37.409 DEBUG 4384 --- [main] c.e.E.EmailServiceApplicationTests       : Running with Spring Boot v2.6.3, Spring v5.3.15
2023-02-27 21:57:37.409  INFO 4384 --- [main] c.e.E.EmailServiceApplicationTests       : No active profile set, falling back to default profiles: default
2023-02-27 21:57:37.922  INFO 4384 --- [main] .s.d.r.c.RepositoryConfigurationDelegate : Bootstrapping Spring Data JPA repositories in DEFAULT mode.
2023-02-27 21:57:37.983  INFO 4384 --- [main] .s.d.r.c.RepositoryConfigurationDelegate : Finished Spring Data repository scanning in 51 ms. Found 1 JPA repository interfaces.
2023-02-27 21:57:38.890  INFO 4384 --- [main] com.zaxxer.hikari.HikariDataSource       : HikariPool-1 - Starting...
2023-02-27 21:57:39.111  INFO 4384 --- [main] com.zaxxer.hikari.HikariDataSource       : HikariPool-1 - Start completed.
2023-02-27 21:57:39.184  INFO 4384 --- [main] o.hibernate.jpa.internal.util.LogHelper  : HHH000204: Processing PersistenceUnitInfo [name: default]
2023-02-27 21:57:39.237  INFO 4384 --- [main] org.hibernate.Version                    : HHH000412: Hibernate ORM core version 5.6.4.Final
2023-02-27 21:57:39.412  INFO 4384 --- [main] o.hibernate.annotations.common.Version   : HCANN000001: Hibernate Commons Annotations {5.1.2.Final}
2023-02-27 21:57:39.636  INFO 4384 --- [main] org.hibernate.dialect.Dialect            : HHH000400: Using dialect: org.hibernate.dialect.MySQL5Dialect
2023-02-27 21:57:40.254  INFO 4384 --- [main] o.h.e.t.j.p.i.JtaPlatformInitiator       : HHH000490: Using JtaPlatform implementation: [org.hibernate.engine.transaction.jta.platform.internal.NoJtaPlatform]
2023-02-27 21:57:40.265  INFO 4384 --- [main] j.LocalContainerEntityManagerFactoryBean : Initialized JPA EntityManagerFactory for persistence unit 'default'
2023-02-27 21:57:41.796  INFO 4384 --- [main] c.e.E.EmailServiceApplicationTests       : Started EmailServiceApplicationTests in 4.774 seconds (JVM running for 5.987)
2023-02-27 21:57:41.949  INFO 4384 --- [SpringApplicationShutdownHook] j.LocalContainerEntityManagerFactoryBean : Closing JPA EntityManagerFactory for persistence unit 'default'
2023-02-27 21:57:41.953  INFO 4384 --- [SpringApplicationShutdownHook] com.zaxxer.hikari.HikariDataSource       : HikariPool-1 - Shutdown initiated...
2023-02-27 21:57:41.963  INFO 4384 --- [SpringApplicationShutdownHook] com.zaxxer.hikari.HikariDataSource       : HikariPool-1 - Shutdown completed.
